c:\users\humber\dropbox\humber teaching\2016 fall\game 205 - game dynamics 2\workspace\assignment 4\assignment 4 0na demo\assignment 4 native\x64\debug\nativephysics.lib
c:\users\humber\dropbox\humber teaching\2016 fall\game 205 - game dynamics 2\workspace\assignment 4\assignment 4 0na demo\assignment 4 native\x64\debug\nativephysics.exp
c:\users\humber\dropbox\humber teaching\2016 fall\game 205 - game dynamics 2\workspace\assignment 4\assignment 4 0na demo\assignment 4 native\assignment 4 native\x64\debug\vc140.pdb
c:\users\humber\dropbox\humber teaching\2016 fall\game 205 - game dynamics 2\workspace\assignment 4\assignment 4 0na demo\assignment 4 native\assignment 4 native\x64\debug\vc140.idb
c:\users\humber\dropbox\humber teaching\2016 fall\game 205 - game dynamics 2\workspace\assignment 4\assignment 4 0na demo\assignment 4 native\assignment 4 native\x64\debug\polygon_handle.obj
c:\users\humber\dropbox\humber teaching\2016 fall\game 205 - game dynamics 2\workspace\assignment 4\assignment 4 0na demo\assignment 4 native\assignment 4 native\x64\debug\transportvector2.obj
c:\users\humber\dropbox\humber teaching\2016 fall\game 205 - game dynamics 2\workspace\assignment 4\assignment 4 0na demo\assignment 4 native\assignment 4 native\x64\debug\main.obj
c:\users\humber\dropbox\humber teaching\2016 fall\game 205 - game dynamics 2\workspace\assignment 4\assignment 4 0na demo\assignment 4 native\assignment 4 native\x64\debug\polygon.obj
c:\users\humber\dropbox\humber teaching\2016 fall\game 205 - game dynamics 2\workspace\assignment 4\assignment 4 0na demo\assignment 4 native\assignment 4 native\x64\debug\world.obj
c:\users\humber\dropbox\humber teaching\2016 fall\game 205 - game dynamics 2\workspace\assignment 4\assignment 4 0na demo\assignment 4 native\assignment 4 native\x64\debug\face.obj
c:\users\humber\dropbox\humber teaching\2016 fall\game 205 - game dynamics 2\workspace\assignment 4\assignment 4 0na demo\assignment 4 native\x64\debug\nativephysics.ilk
c:\users\humber\dropbox\humber teaching\2016 fall\game 205 - game dynamics 2\workspace\assignment 4\assignment 4 0na demo\assignment 4 native\x64\debug\nativephysics.dll
c:\users\humber\dropbox\humber teaching\2016 fall\game 205 - game dynamics 2\workspace\assignment 4\assignment 4 0na demo\assignment 4 native\x64\debug\nativephysics.pdb
c:\users\humber\dropbox\humber teaching\2016 fall\game 205 - game dynamics 2\workspace\assignment 4\assignment 4 0na demo\assignment 4 native\assignment 4 native\x64\debug\handle.obj
c:\users\humber\dropbox\humber teaching\2016 fall\game 205 - game dynamics 2\workspace\assignment 4\assignment 4 0na demo\assignment 4 native\assignment 4 native\x64\debug\assignme.0b8d7718.tlog\assignment 4 native.write.1u.tlog
c:\users\humber\dropbox\humber teaching\2016 fall\game 205 - game dynamics 2\workspace\assignment 4\assignment 4 0na demo\assignment 4 native\assignment 4 native\x64\debug\assignme.0b8d7718.tlog\cl.command.1.tlog
c:\users\humber\dropbox\humber teaching\2016 fall\game 205 - game dynamics 2\workspace\assignment 4\assignment 4 0na demo\assignment 4 native\assignment 4 native\x64\debug\assignme.0b8d7718.tlog\cl.read.1.tlog
c:\users\humber\dropbox\humber teaching\2016 fall\game 205 - game dynamics 2\workspace\assignment 4\assignment 4 0na demo\assignment 4 native\assignment 4 native\x64\debug\assignme.0b8d7718.tlog\cl.write.1.tlog
c:\users\humber\dropbox\humber teaching\2016 fall\game 205 - game dynamics 2\workspace\assignment 4\assignment 4 0na demo\assignment 4 native\assignment 4 native\x64\debug\assignme.0b8d7718.tlog\link.command.1.tlog
c:\users\humber\dropbox\humber teaching\2016 fall\game 205 - game dynamics 2\workspace\assignment 4\assignment 4 0na demo\assignment 4 native\assignment 4 native\x64\debug\assignme.0b8d7718.tlog\link.read.1.tlog
c:\users\humber\dropbox\humber teaching\2016 fall\game 205 - game dynamics 2\workspace\assignment 4\assignment 4 0na demo\assignment 4 native\assignment 4 native\x64\debug\assignme.0b8d7718.tlog\link.write.1.tlog
